2025-06-13 17:02:49,626 - INFO - B站视频下载器启动
2025-06-13 17:02:49,627 - INFO - 目标URL: https://www.bilibili.com/video/BV1WzTCzcEmu/?spm_id_from=333.1387.homepage.video_card.click&vd_source=eeb2a94d6357f223325e08ed88314d42
2025-06-13 17:02:49,627 - INFO - 下载目录: E:\desktop\Projects\resume\hai-lab\downloads
2025-06-13 17:02:52,856 - INFO - yt-dlp 已安装
2025-06-13 17:02:53,075 - INFO - 开始下载视频: https://www.bilibili.com/video/BV1WzTCzcEmu/?spm_id_from=333.1387.homepage.video_card.click&vd_source=eeb2a94d6357f223325e08ed88314d42
2025-06-13 17:02:56,427 - INFO - 视频下载完成！
2025-06-13 17:02:56,427 - INFO - 所有任务完成！
2025-06-13 17:05:02,080 - INFO - B站视频下载器启动
2025-06-13 17:05:02,082 - INFO - 目标URL: https://www.bilibili.com/video/BV1WzTCzcEmu/?share_source=copy_web&vd_source=59b9715f6debaa33c5dd388dcbd5a20a
2025-06-13 17:05:02,084 - INFO - 下载目录: E:\desktop\Projects\resume\hai-lab\downloads
2025-06-13 17:05:05,143 - INFO - yt-dlp 已安装
2025-06-13 17:05:05,366 - INFO - 开始下载视频: https://www.bilibili.com/video/BV1WzTCzcEmu/?share_source=copy_web&vd_source=59b9715f6debaa33c5dd388dcbd5a20a
2025-06-13 17:05:08,580 - INFO - 视频下载完成！
2025-06-13 17:05:08,584 - INFO - 所有任务完成！
2025-06-13 17:05:44,818 - INFO - B站视频下载器启动
2025-06-13 17:05:44,818 - INFO - 目标URL: https://www.bilibili.com/video/BV1WzTCzcEmu/?share_source=copy_web&vd_source=59b9715f6debaa33c5dd388dcbd5a20a
2025-06-13 17:05:44,818 - INFO - 下载目录: E:\desktop\Projects\resume\hai-lab\downloads
2025-06-13 17:05:47,826 - INFO - yt-dlp 已安装
2025-06-13 17:05:48,045 - INFO - 开始下载视频: https://www.bilibili.com/video/BV1WzTCzcEmu/?share_source=copy_web&vd_source=59b9715f6debaa33c5dd388dcbd5a20a
2025-06-13 17:05:57,861 - INFO - 下载进度: [0;94m  0.0%[0m - 速度: [0;32m 499.44KiB/s[0m
2025-06-13 17:05:57,862 - INFO - 下载进度: [0;94m  0.0%[0m - 速度: [0;32m 998.88KiB/s[0m
2025-06-13 17:05:57,864 - INFO - 下载进度: [0;94m  0.0%[0m - 速度: [0;32m   1.37MiB/s[0m
2025-06-13 17:05:57,866 - INFO - 下载进度: [0;94m  0.0%[0m - 速度: [0;32m   2.29MiB/s[0m
2025-06-13 17:05:57,867 - INFO - 下载进度: [0;94m  0.0%[0m - 速度: [0;32m   3.32MiB/s[0m
2025-06-13 17:05:57,878 - INFO - 下载进度: [0;94m  0.1%[0m - 速度: [0;32m   3.19MiB/s[0m
2025-06-13 17:05:57,887 - INFO - 下载进度: [0;94m  0.2%[0m - 速度: [0;32m   4.52MiB/s[0m
2025-06-13 17:05:57,895 - INFO - 下载进度: [0;94m  0.4%[0m - 速度: [0;32m   7.08MiB/s[0m
2025-06-13 17:05:57,912 - INFO - 下载进度: [0;94m  0.7%[0m - 速度: [0;32m   9.46MiB/s[0m
2025-06-13 17:05:57,946 - INFO - 下载进度: [0;94m  1.4%[0m - 速度: [0;32m  11.37MiB/s[0m
2025-06-13 17:05:58,005 - INFO - 下载进度: [0;94m  2.8%[0m - 速度: [0;32m  13.74MiB/s[0m
2025-06-13 17:05:58,108 - INFO - 下载进度: [0;94m  5.6%[0m - 速度: [0;32m  16.00MiB/s[0m
2025-06-13 17:05:58,655 - INFO - 下载进度: [0;94m 11.3%[0m - 速度: [0;32m  10.05MiB/s[0m
2025-06-13 17:05:59,716 - INFO - 下载进度: [0;94m 16.9%[0m - 速度: [0;32m   6.46MiB/s[0m
2025-06-13 17:06:00,781 - INFO - 下载进度: [0;94m 22.2%[0m - 速度: [0;32m   5.40MiB/s[0m
2025-06-13 17:06:01,783 - INFO - 下载进度: [0;94m 27.2%[0m - 速度: [0;32m   4.92MiB/s[0m
2025-06-13 17:06:02,771 - INFO - 下载进度: [0;94m 32.2%[0m - 速度: [0;32m   4.65MiB/s[0m
2025-06-13 17:06:03,814 - INFO - 下载进度: [0;94m 37.2%[0m - 速度: [0;32m   4.44MiB/s[0m
2025-06-13 17:06:04,734 - INFO - 下载进度: [0;94m 42.1%[0m - 速度: [0;32m   4.34MiB/s[0m
2025-06-13 17:06:05,960 - INFO - 下载进度: [0;94m 47.3%[0m - 速度: [0;32m   4.14MiB/s[0m
2025-06-13 17:06:06,606 - INFO - 下载进度: [0;94m 51.6%[0m - 速度: [0;32m   4.19MiB/s[0m
2025-06-13 17:06:07,726 - INFO - 下载进度: [0;94m 57.2%[0m - 速度: [0;32m   4.12MiB/s[0m
2025-06-13 17:06:08,760 - INFO - 下载进度: [0;94m 62.2%[0m - 速度: [0;32m   4.05MiB/s[0m
2025-06-13 17:06:09,762 - INFO - 下载进度: [0;94m 67.1%[0m - 速度: [0;32m   4.00MiB/s[0m
2025-06-13 17:06:10,633 - INFO - 下载进度: [0;94m 72.0%[0m - 速度: [0;32m   4.00MiB/s[0m
2025-06-13 17:06:11,741 - INFO - 下载进度: [0;94m 77.5%[0m - 速度: [0;32m   3.96MiB/s[0m
2025-06-13 17:06:12,736 - INFO - 下载进度: [0;94m 82.6%[0m - 速度: [0;32m   3.94MiB/s[0m
2025-06-13 17:06:13,876 - INFO - 下载进度: [0;94m 87.6%[0m - 速度: [0;32m   3.88MiB/s[0m
2025-06-13 17:06:14,720 - INFO - 下载进度: [0;94m 92.0%[0m - 速度: [0;32m   3.87MiB/s[0m
2025-06-13 17:06:15,643 - INFO - 下载进度: [0;94m 97.3%[0m - 速度: [0;32m   3.88MiB/s[0m
2025-06-13 17:06:16,175 - INFO - 下载进度: [0;94m100.0%[0m - 速度: [0;32m   3.88MiB/s[0m
2025-06-13 17:06:16,180 - INFO - 下载完成: downloads\新版《我爱你，东南》首发，献礼东南大学123周年！.f30080.mp4
2025-06-13 17:06:16,302 - INFO - 下载进度: [0;94m  0.0%[0m - 速度: [0;32m 430.67KiB/s[0m
2025-06-13 17:06:16,303 - INFO - 下载进度: [0;94m  0.1%[0m - 速度: [0;32m 784.47KiB/s[0m
2025-06-13 17:06:16,304 - INFO - 下载进度: [0;94m  0.1%[0m - 速度: [0;32m   1.33MiB/s[0m
2025-06-13 17:06:16,306 - INFO - 下载进度: [0;94m  0.3%[0m - 速度: [0;32m   2.30MiB/s[0m
2025-06-13 17:06:16,321 - INFO - 下载进度: [0;94m  0.5%[0m - 速度: [0;32m   1.50MiB/s[0m
2025-06-13 17:06:16,324 - INFO - 下载进度: [0;94m  1.1%[0m - 速度: [0;32m   2.66MiB/s[0m
2025-06-13 17:06:16,329 - INFO - 下载进度: [0;94m  2.1%[0m - 速度: [0;32m   4.67MiB/s[0m
2025-06-13 17:06:16,343 - INFO - 下载进度: [0;94m  4.3%[0m - 速度: [0;32m   5.65MiB/s[0m
2025-06-13 17:06:16,376 - INFO - 下载进度: [0;94m  8.6%[0m - 速度: [0;32m   6.56MiB/s[0m
2025-06-13 17:06:16,463 - INFO - 下载进度: [0;94m 17.2%[0m - 速度: [0;32m   6.16MiB/s[0m
2025-06-13 17:06:16,778 - INFO - 下载进度: [0;94m 34.4%[0m - 速度: [0;32m   4.19MiB/s[0m
2025-06-13 17:06:17,314 - INFO - 下载进度: [0;94m 68.8%[0m - 速度: [0;32m   3.95MiB/s[0m
2025-06-13 17:06:17,959 - INFO - 下载进度: [0;94m100.0%[0m - 速度: [0;32m   3.50MiB/s[0m
2025-06-13 17:06:17,963 - INFO - 下载完成: downloads\新版《我爱你，东南》首发，献礼东南大学123周年！.f30280.m4a
2025-06-13 17:06:18,513 - INFO - 视频下载完成！
2025-06-13 17:06:18,517 - INFO - 所有任务完成！
